
*** Running vivado
    with args -log sm.vdi -applog -m64 -product Vivado -messageDb vivado.pb -mode batch -source sm.tcl -notrace


****** Vivado v2018.2 (64-bit)
  **** SW Build 2258646 on Thu Jun 14 20:03:12 MDT 2018
  **** IP Build 2256618 on Thu Jun 14 22:10:49 MDT 2018
    ** Copyright 1986-2018 Xilinx, Inc. All Rights Reserved.

source sm.tcl -notrace
Command: open_checkpoint C:/Users/Student/Documents/GitHub/CSM152B_S23/lab_2.1/lab_2.1.runs/impl_1/sm.dcp

Starting open_checkpoint Task

Time (s): cpu = 00:00:00 ; elapsed = 00:00:00.030 . Memory (MB): peak = 238.191 ; gain = 0.000
INFO: [Netlist 29-17] Analyzing 13 Unisim elements for replacement
INFO: [Netlist 29-28] Unisim Transformation completed in 0 CPU seconds
INFO: [Project 1-479] Netlist was created with Vivado 2018.2
INFO: [Device 21-403] Loading part xc7a35tcpg236-1
INFO: [Project 1-570] Preparing netlist for logic optimization
INFO: [Timing 38-478] Restoring timing data from binary archive.
INFO: [Timing 38-479] Binary timing data restore complete.
INFO: [Project 1-856] Restoring constraints from binary archive.
INFO: [Project 1-853] Binary constraint restore complete.
Reading XDEF placement.
Reading placer database...
Reading XDEF routing.
Read XDEF File: Time (s): cpu = 00:00:00 ; elapsed = 00:00:00.078 . Memory (MB): peak = 1125.398 ; gain = 0.000
Restored from archive | CPU: 0.000000 secs | Memory: 0.000000 MB |
Finished XDEF File Restore: Time (s): cpu = 00:00:00 ; elapsed = 00:00:00.078 . Memory (MB): peak = 1125.398 ; gain = 0.000
INFO: [Project 1-111] Unisim Transformation Summary:
No Unisim elements were transformed.

INFO: [Project 1-604] Checkpoint was created with Vivado v2018.2 (64-bit) build 2258646
open_checkpoint: Time (s): cpu = 00:00:14 ; elapsed = 00:00:19 . Memory (MB): peak = 1125.398 ; gain = 896.160
Command: opt_design
Attempting to get a license for feature 'Implementation' and/or device 'xc7a35t'
INFO: [Common 17-349] Got license for feature 'Implementation' and/or device 'xc7a35t'
Running DRC as a precondition to command opt_design

Starting DRC Task
INFO: [DRC 23-27] Running DRC with 2 threads
INFO: [Project 1-461] DRC finished with 0 Errors
INFO: [Project 1-462] Please refer to the DRC report (report_drc) for more information.

Time (s): cpu = 00:00:01 ; elapsed = 00:00:00.531 . Memory (MB): peak = 1125.398 ; gain = 0.000

Starting Cache Timing Information Task
INFO: [Timing 38-35] Done setting XDC timing constraints.
Ending Cache Timing Information Task | Checksum: 1f2c9d64c

Time (s): cpu = 00:00:00 ; elapsed = 00:00:00.032 . Memory (MB): peak = 1208.695 ; gain = 83.297

Starting Logic Optimization Task

Phase 1 Retarget
INFO: [Opt 31-138] Pushed 0 inverter(s) to 0 load pin(s).
INFO: [Opt 31-49] Retargeted 0 cell(s).
Phase 1 Retarget | Checksum: 1f2c9d64c

Time (s): cpu = 00:00:00 ; elapsed = 00:00:00.025 . Memory (MB): peak = 1208.695 ; gain = 0.000
INFO: [Opt 31-389] Phase Retarget created 0 cells and removed 0 cells

Phase 2 Constant propagation
INFO: [Opt 31-138] Pushed 0 inverter(s) to 0 load pin(s).
Phase 2 Constant propagation | Checksum: 1f2c9d64c

Time (s): cpu = 00:00:00 ; elapsed = 00:00:00.028 . Memory (MB): peak = 1208.695 ; gain = 0.000
INFO: [Opt 31-389] Phase Constant propagation created 0 cells and removed 0 cells

Phase 3 Sweep
Phase 3 Sweep | Checksum: 1cc6e915c

Time (s): cpu = 00:00:00 ; elapsed = 00:00:00.031 . Memory (MB): peak = 1208.695 ; gain = 0.000
INFO: [Opt 31-389] Phase Sweep created 0 cells and removed 0 cells

Phase 4 BUFG optimization
Phase 4 BUFG optimization | Checksum: 1cc6e915c

Time (s): cpu = 00:00:00 ; elapsed = 00:00:00.034 . Memory (MB): peak = 1208.695 ; gain = 0.000
INFO: [Opt 31-662] Phase BUFG optimization created 0 cells of which 0 are BUFGs and removed 0 cells.

Phase 5 Shift Register Optimization
Phase 5 Shift Register Optimization | Checksum: 120de7954

Time (s): cpu = 00:00:00 ; elapsed = 00:00:00.041 . Memory (MB): peak = 1208.695 ; gain = 0.000
INFO: [Opt 31-389] Phase Shift Register Optimization created 0 cells and removed 0 cells

Phase 6 Post Processing Netlist
Phase 6 Post Processing Netlist | Checksum: 120de7954

Time (s): cpu = 00:00:00 ; elapsed = 00:00:00.042 . Memory (MB): peak = 1208.695 ; gain = 0.000
INFO: [Opt 31-389] Phase Post Processing Netlist created 0 cells and removed 0 cells

Starting Connectivity Check Task

Time (s): cpu = 00:00:00 ; elapsed = 00:00:00.001 . Memory (MB): peak = 1208.695 ; gain = 0.000
Ending Logic Optimization Task | Checksum: 120de7954

Time (s): cpu = 00:00:00 ; elapsed = 00:00:00.043 . Memory (MB): peak = 1208.695 ; gain = 0.000

Starting Power Optimization Task
INFO: [Pwropt 34-132] Skipping clock gating for clocks with a period < 2.00 ns.
Ending Power Optimization Task | Checksum: 120de7954

Time (s): cpu = 00:00:00 ; elapsed = 00:00:00.007 . Memory (MB): peak = 1208.695 ; gain = 0.000

Starting Final Cleanup Task
Ending Final Cleanup Task | Checksum: 120de7954

Time (s): cpu = 00:00:00 ; elapsed = 00:00:00 . Memory (MB): peak = 1208.695 ; gain = 0.000
INFO: [Common 17-83] Releasing license: Implementation
27 Infos, 0 Warnings, 0 Critical Warnings and 0 Errors encountered.
opt_design completed successfully
INFO: [Timing 38-480] Writing timing data to binary archive.
Writing placer database...
Writing XDEF routing.
Writing XDEF routing logical nets.
Writing XDEF routing special nets.
Write XDEF Complete: Time (s): cpu = 00:00:00 ; elapsed = 00:00:00.029 . Memory (MB): peak = 1208.695 ; gain = 0.000
INFO: [Common 17-1381] The checkpoint 'C:/Users/Student/Documents/GitHub/CSM152B_S23/lab_2.1/lab_2.1.runs/impl_1/sm_opt.dcp' has been generated.
INFO: [runtcl-4] Executing : report_drc -file sm_drc_opted.rpt -pb sm_drc_opted.pb -rpx sm_drc_opted.rpx
Command: report_drc -file sm_drc_opted.rpt -pb sm_drc_opted.pb -rpx sm_drc_opted.rpx
INFO: [IP_Flow 19-234] Refreshing IP repositories
INFO: [IP_Flow 19-1704] No user IP repositories specified
INFO: [IP_Flow 19-2313] Loaded Vivado IP repository 'C:/Xilinx/Vivado/2018.2/data/ip'.
INFO: [DRC 23-27] Running DRC with 2 threads
INFO: [Coretcl 2-168] The results of DRC are in file C:/Users/Student/Documents/GitHub/CSM152B_S23/lab_2.1/lab_2.1.runs/impl_1/sm_drc_opted.rpt.
report_drc completed successfully
Command: place_design
Attempting to get a license for feature 'Implementation' and/or device 'xc7a35t'
INFO: [Common 17-349] Got license for feature 'Implementation' and/or device 'xc7a35t'
INFO: [DRC 23-27] Running DRC with 2 threads
INFO: [Vivado_Tcl 4-198] DRC finished with 0 Errors
INFO: [Vivado_Tcl 4-199] Please refer to the DRC report (report_drc) for more information.
Running DRC as a precondition to command place_design
INFO: [DRC 23-27] Running DRC with 2 threads
INFO: [Vivado_Tcl 4-198] DRC finished with 0 Errors
INFO: [Vivado_Tcl 4-199] Please refer to the DRC report (report_drc) for more information.

Starting Placer Task
INFO: [Place 30-611] Multithreading enabled for place_design using a maximum of 2 CPUs

Phase 1 Placer Initialization

Phase 1.1 Placer Initialization Netlist Sorting
Netlist sorting complete. Time (s): cpu = 00:00:00 ; elapsed = 00:00:00 . Memory (MB): peak = 1208.695 ; gain = 0.000
Phase 1.1 Placer Initialization Netlist Sorting | Checksum: a16f34b9

Time (s): cpu = 00:00:00 ; elapsed = 00:00:00.003 . Memory (MB): peak = 1208.695 ; gain = 0.000
Netlist sorting complete. Time (s): cpu = 00:00:00 ; elapsed = 00:00:00 . Memory (MB): peak = 1208.695 ; gain = 0.000

Phase 1.2 IO Placement/ Clock Placement/ Build Placer Device
INFO: [Timing 38-35] Done setting XDC timing constraints.
Phase 1.2 IO Placement/ Clock Placement/ Build Placer Device | Checksum: 511727dc

Time (s): cpu = 00:00:01 ; elapsed = 00:00:00.495 . Memory (MB): peak = 1208.695 ; gain = 0.000

Phase 1.3 Build Placer Netlist Model
Phase 1.3 Build Placer Netlist Model | Checksum: 6fe90d3c

Time (s): cpu = 00:00:01 ; elapsed = 00:00:00.581 . Memory (MB): peak = 1208.695 ; gain = 0.000

Phase 1.4 Constrain Clocks/Macros
Phase 1.4 Constrain Clocks/Macros | Checksum: 6fe90d3c

Time (s): cpu = 00:00:01 ; elapsed = 00:00:00.582 . Memory (MB): peak = 1208.695 ; gain = 0.000
Phase 1 Placer Initialization | Checksum: 6fe90d3c

Time (s): cpu = 00:00:01 ; elapsed = 00:00:00.583 . Memory (MB): peak = 1208.695 ; gain = 0.000

Phase 2 Global Placement

Phase 2.1 Floorplanning
Phase 2.1 Floorplanning | Checksum: ba46c777

Time (s): cpu = 00:00:01 ; elapsed = 00:00:00.665 . Memory (MB): peak = 1208.695 ; gain = 0.000

Phase 2.2 Physical Synthesis In Placer
INFO: [Physopt 32-65] No nets found for high-fanout optimization.
INFO: [Physopt 32-232] Optimized 0 net. Created 0 new instance.
INFO: [Physopt 32-775] End 1 Pass. Optimized 0 net or cell. Created 0 new cell, deleted 0 existing cell and moved 0 existing cell
Netlist sorting complete. Time (s): cpu = 00:00:00 ; elapsed = 00:00:00 . Memory (MB): peak = 1208.695 ; gain = 0.000

Summary of Physical Synthesis Optimizations
============================================


-----------------------------------------------------------------------------------------------------------------------------
|  Optimization       |  Added Cells  |  Removed Cells  |  Optimized Cells/Nets  |  Dont Touch  |  Iterations  |  Elapsed   |
-----------------------------------------------------------------------------------------------------------------------------
|  Very High Fanout   |            0  |              0  |                     0  |           0  |           1  |  00:00:00  |
|  Total              |            0  |              0  |                     0  |           0  |           1  |  00:00:00  |
-----------------------------------------------------------------------------------------------------------------------------


Phase 2.2 Physical Synthesis In Placer | Checksum: 7c008282

Time (s): cpu = 00:00:02 ; elapsed = 00:00:01 . Memory (MB): peak = 1208.695 ; gain = 0.000
Phase 2 Global Placement | Checksum: 104f56fc9

Time (s): cpu = 00:00:02 ; elapsed = 00:00:01 . Memory (MB): peak = 1208.695 ; gain = 0.000

Phase 3 Detail Placement

Phase 3.1 Commit Multi Column Macros
Phase 3.1 Commit Multi Column Macros | Checksum: 104f56fc9

Time (s): cpu = 00:00:02 ; elapsed = 00:00:01 . Memory (MB): peak = 1208.695 ; gain = 0.000

Phase 3.2 Commit Most Macros & LUTRAMs
Phase 3.2 Commit Most Macros & LUTRAMs | Checksum: e9ff8ae0

Time (s): cpu = 00:00:02 ; elapsed = 00:00:01 . Memory (MB): peak = 1208.695 ; gain = 0.000

Phase 3.3 Area Swap Optimization
Phase 3.3 Area Swap Optimization | Checksum: 168ebd769

Time (s): cpu = 00:00:02 ; elapsed = 00:00:01 . Memory (MB): peak = 1208.695 ; gain = 0.000

Phase 3.4 Pipeline Register Optimization
Phase 3.4 Pipeline Register Optimization | Checksum: 168ebd769

Time (s): cpu = 00:00:02 ; elapsed = 00:00:01 . Memory (MB): peak = 1208.695 ; gain = 0.000

Phase 3.5 Small Shape Detail Placement
Phase 3.5 Small Shape Detail Placement | Checksum: fafc482c

Time (s): cpu = 00:00:02 ; elapsed = 00:00:01 . Memory (MB): peak = 1208.695 ; gain = 0.000

Phase 3.6 Re-assign LUT pins
Phase 3.6 Re-assign LUT pins | Checksum: 1188bd3ea

Time (s): cpu = 00:00:02 ; elapsed = 00:00:01 . Memory (MB): peak = 1208.695 ; gain = 0.000

Phase 3.7 Pipeline Register Optimization
Phase 3.7 Pipeline Register Optimization | Checksum: 1188bd3ea

Time (s): cpu = 00:00:02 ; elapsed = 00:00:01 . Memory (MB): peak = 1208.695 ; gain = 0.000
Phase 3 Detail Placement | Checksum: 1188bd3ea

Time (s): cpu = 00:00:02 ; elapsed = 00:00:01 . Memory (MB): peak = 1208.695 ; gain = 0.000

Phase 4 Post Placement Optimization and Clean-Up

Phase 4.1 Post Commit Optimization
INFO: [Timing 38-35] Done setting XDC timing constraints.

Phase 4.1.1 Post Placement Optimization
Post Placement Optimization Initialization | Checksum: 122595618

Phase 4.1.1.1 BUFG Insertion
INFO: [Place 46-31] BUFG insertion identified 0 candidate nets, 0 success, 0 skipped for placement/routing, 0 skipped for timing, 0 skipped for netlist change reason.
Phase 4.1.1.1 BUFG Insertion | Checksum: 122595618

Time (s): cpu = 00:00:02 ; elapsed = 00:00:01 . Memory (MB): peak = 1225.445 ; gain = 16.750
INFO: [Place 30-746] Post Placement Timing Summary WNS=5.286. For the most accurate timing information please run report_timing.
Phase 4.1.1 Post Placement Optimization | Checksum: 16b32b10c

Time (s): cpu = 00:00:02 ; elapsed = 00:00:01 . Memory (MB): peak = 1225.445 ; gain = 16.750
Phase 4.1 Post Commit Optimization | Checksum: 16b32b10c

Time (s): cpu = 00:00:02 ; elapsed = 00:00:01 . Memory (MB): peak = 1225.445 ; gain = 16.750

Phase 4.2 Post Placement Cleanup
Phase 4.2 Post Placement Cleanup | Checksum: 16b32b10c

Time (s): cpu = 00:00:02 ; elapsed = 00:00:01 . Memory (MB): peak = 1225.445 ; gain = 16.750

Phase 4.3 Placer Reporting
Phase 4.3 Placer Reporting | Checksum: 16b32b10c

Time (s): cpu = 00:00:02 ; elapsed = 00:00:01 . Memory (MB): peak = 1225.445 ; gain = 16.750

Phase 4.4 Final Placement Cleanup
Phase 4.4 Final Placement Cleanup | Checksum: 1d43b928d

Time (s): cpu = 00:00:02 ; elapsed = 00:00:01 . Memory (MB): peak = 1225.445 ; gain = 16.750
Phase 4 Post Placement Optimization and Clean-Up | Checksum: 1d43b928d

Time (s): cpu = 00:00:02 ; elapsed = 00:00:01 . Memory (MB): peak = 1225.445 ; gain = 16.750
Ending Placer Task | Checksum: 118811c84

Time (s): cpu = 00:00:02 ; elapsed = 00:00:01 . Memory (MB): peak = 1225.445 ; gain = 16.750
INFO: [Common 17-83] Releasing license: Implementation
51 Infos, 0 Warnings, 0 Critical Warnings and 0 Errors encountered.
place_design completed successfully
INFO: [Timing 38-480] Writing timing data to binary archive.
Writing placer database...
Writing XDEF routing.
Writing XDEF routing logical nets.
Writing XDEF routing special nets.
Write XDEF Complete: Time (s): cpu = 00:00:00 ; elapsed = 00:00:00.036 . Memory (MB): peak = 1229.848 ; gain = 4.375
INFO: [Common 17-1381] The checkpoint 'C:/Users/Student/Documents/GitHub/CSM152B_S23/lab_2.1/lab_2.1.runs/impl_1/sm_placed.dcp' has been generated.
INFO: [runtcl-4] Executing : report_io -file sm_io_placed.rpt
report_io: Time (s): cpu = 00:00:00 ; elapsed = 00:00:00.027 . Memory (MB): peak = 1232.883 ; gain = 0.000
INFO: [runtcl-4] Executing : report_utilization -file sm_utilization_placed.rpt -pb sm_utilization_placed.pb
report_utilization: Time (s): cpu = 00:00:00 ; elapsed = 00:00:00.021 . Memory (MB): peak = 1232.883 ; gain = 0.000
INFO: [runtcl-4] Executing : report_control_sets -verbose -file sm_control_sets_placed.rpt
report_control_sets: Time (s): cpu = 00:00:00 ; elapsed = 00:00:00.001 . Memory (MB): peak = 1232.883 ; gain = 0.000
Command: route_design
Attempting to get a license for feature 'Implementation' and/or device 'xc7a35t'
INFO: [Common 17-349] Got license for feature 'Implementation' and/or device 'xc7a35t'
Running DRC as a precondition to command route_design
INFO: [DRC 23-27] Running DRC with 2 threads
INFO: [Vivado_Tcl 4-198] DRC finished with 0 Errors
INFO: [Vivado_Tcl 4-199] Please refer to the DRC report (report_drc) for more information.


Starting Routing Task
INFO: [Route 35-254] Multithreading enabled for route_design using a maximum of 2 CPUs
Checksum: PlaceDB: 7a696d4a ConstDB: 0 ShapeSum: 9e17af3a RouteDB: 0

Phase 1 Build RT Design
Phase 1 Build RT Design | Checksum: dff90376

Time (s): cpu = 00:00:17 ; elapsed = 00:00:17 . Memory (MB): peak = 1327.523 ; gain = 94.641
Post Restoration Checksum: NetGraph: 19b2470f NumContArr: c646bc67 Constraints: 0 Timing: 0

Phase 2 Router Initialization

Phase 2.1 Create Timer
Phase 2.1 Create Timer | Checksum: dff90376

Time (s): cpu = 00:00:17 ; elapsed = 00:00:17 . Memory (MB): peak = 1327.535 ; gain = 94.652

Phase 2.2 Fix Topology Constraints
Phase 2.2 Fix Topology Constraints | Checksum: dff90376

Time (s): cpu = 00:00:17 ; elapsed = 00:00:17 . Memory (MB): peak = 1333.566 ; gain = 100.684

Phase 2.3 Pre Route Cleanup
Phase 2.3 Pre Route Cleanup | Checksum: dff90376

Time (s): cpu = 00:00:17 ; elapsed = 00:00:17 . Memory (MB): peak = 1333.566 ; gain = 100.684
 Number of Nodes with overlaps = 0

Phase 2.4 Update Timing
Phase 2.4 Update Timing | Checksum: 1c0a93f41

Time (s): cpu = 00:00:17 ; elapsed = 00:00:17 . Memory (MB): peak = 1337.324 ; gain = 104.441
INFO: [Route 35-416] Intermediate Timing Summary | WNS=5.283  | TNS=0.000  | WHS=-0.066 | THS=-0.072 |

Phase 2 Router Initialization | Checksum: 16ceca5e4

Time (s): cpu = 00:00:17 ; elapsed = 00:00:17 . Memory (MB): peak = 1337.324 ; gain = 104.441

Phase 3 Initial Routing
Phase 3 Initial Routing | Checksum: 226e7053c

Time (s): cpu = 00:00:17 ; elapsed = 00:00:17 . Memory (MB): peak = 1337.324 ; gain = 104.441

Phase 4 Rip-up And Reroute

Phase 4.1 Global Iteration 0
 Number of Nodes with overlaps = 9
 Number of Nodes with overlaps = 0
INFO: [Route 35-416] Intermediate Timing Summary | WNS=5.057  | TNS=0.000  | WHS=N/A    | THS=N/A    |

Phase 4.1 Global Iteration 0 | Checksum: 212eaa12a

Time (s): cpu = 00:00:17 ; elapsed = 00:00:17 . Memory (MB): peak = 1337.324 ; gain = 104.441

Phase 4.2 Global Iteration 1
 Number of Nodes with overlaps = 1
 Number of Nodes with overlaps = 0
INFO: [Route 35-416] Intermediate Timing Summary | WNS=5.057  | TNS=0.000  | WHS=N/A    | THS=N/A    |

Phase 4.2 Global Iteration 1 | Checksum: 12f2ab7a4

Time (s): cpu = 00:00:17 ; elapsed = 00:00:17 . Memory (MB): peak = 1337.324 ; gain = 104.441
Phase 4 Rip-up And Reroute | Checksum: 12f2ab7a4

Time (s): cpu = 00:00:17 ; elapsed = 00:00:17 . Memory (MB): peak = 1337.324 ; gain = 104.441

Phase 5 Delay and Skew Optimization

Phase 5.1 Delay CleanUp
Phase 5.1 Delay CleanUp | Checksum: 12f2ab7a4

Time (s): cpu = 00:00:17 ; elapsed = 00:00:17 . Memory (MB): peak = 1337.324 ; gain = 104.441

Phase 5.2 Clock Skew Optimization
Phase 5.2 Clock Skew Optimization | Checksum: 12f2ab7a4

Time (s): cpu = 00:00:17 ; elapsed = 00:00:17 . Memory (MB): peak = 1337.324 ; gain = 104.441
Phase 5 Delay and Skew Optimization | Checksum: 12f2ab7a4

Time (s): cpu = 00:00:17 ; elapsed = 00:00:17 . Memory (MB): peak = 1337.324 ; gain = 104.441

Phase 6 Post Hold Fix

Phase 6.1 Hold Fix Iter

Phase 6.1.1 Update Timing
Phase 6.1.1 Update Timing | Checksum: 12ec9717a

Time (s): cpu = 00:00:17 ; elapsed = 00:00:17 . Memory (MB): peak = 1337.324 ; gain = 104.441
INFO: [Route 35-416] Intermediate Timing Summary | WNS=5.150  | TNS=0.000  | WHS=0.248  | THS=0.000  |

Phase 6.1 Hold Fix Iter | Checksum: a6685fca

Time (s): cpu = 00:00:17 ; elapsed = 00:00:17 . Memory (MB): peak = 1337.324 ; gain = 104.441
Phase 6 Post Hold Fix | Checksum: a6685fca

Time (s): cpu = 00:00:17 ; elapsed = 00:00:17 . Memory (MB): peak = 1337.324 ; gain = 104.441

Phase 7 Route finalize

Router Utilization Summary
  Global Vertical Routing Utilization    = 0.0167424 %
  Global Horizontal Routing Utilization  = 0.0147059 %
  Routable Net Status*
  *Does not include unroutable nets such as driverless and loadless.
  Run report_route_status for detailed report.
  Number of Failed Nets               = 0
  Number of Unrouted Nets             = 0
  Number of Partially Routed Nets     = 0
  Number of Node Overlaps             = 0

Phase 7 Route finalize | Checksum: aa74c8f2

Time (s): cpu = 00:00:17 ; elapsed = 00:00:17 . Memory (MB): peak = 1337.324 ; gain = 104.441

Phase 8 Verifying routed nets

 Verification completed successfully
Phase 8 Verifying routed nets | Checksum: aa74c8f2

Time (s): cpu = 00:00:17 ; elapsed = 00:00:17 . Memory (MB): peak = 1337.766 ; gain = 104.883

Phase 9 Depositing Routes
Phase 9 Depositing Routes | Checksum: aa74875e

Time (s): cpu = 00:00:17 ; elapsed = 00:00:17 . Memory (MB): peak = 1337.766 ; gain = 104.883

Phase 10 Post Router Timing
INFO: [Route 35-57] Estimated Timing Summary | WNS=5.150  | TNS=0.000  | WHS=0.248  | THS=0.000  |

INFO: [Route 35-327] The final timing numbers are based on the router estimated timing analysis. For a complete and accurate timing signoff, please run report_timing_summary.
Phase 10 Post Router Timing | Checksum: aa74875e

Time (s): cpu = 00:00:17 ; elapsed = 00:00:17 . Memory (MB): peak = 1337.766 ; gain = 104.883
INFO: [Route 35-16] Router Completed Successfully

Time (s): cpu = 00:00:17 ; elapsed = 00:00:17 . Memory (MB): peak = 1337.766 ; gain = 104.883

Routing Is Done.
INFO: [Common 17-83] Releasing license: Implementation
69 Infos, 0 Warnings, 0 Critical Warnings and 0 Errors encountered.
route_design completed successfully
route_design: Time (s): cpu = 00:00:18 ; elapsed = 00:00:18 . Memory (MB): peak = 1337.766 ; gain = 104.883
INFO: [Timing 38-480] Writing timing data to binary archive.
Writing placer database...
Writing XDEF routing.
Writing XDEF routing logical nets.
Writing XDEF routing special nets.
Write XDEF Complete: Time (s): cpu = 00:00:00 ; elapsed = 00:00:00.038 . Memory (MB): peak = 1337.766 ; gain = 0.000
INFO: [Common 17-1381] The checkpoint 'C:/Users/Student/Documents/GitHub/CSM152B_S23/lab_2.1/lab_2.1.runs/impl_1/sm_routed.dcp' has been generated.
INFO: [runtcl-4] Executing : report_drc -file sm_drc_routed.rpt -pb sm_drc_routed.pb -rpx sm_drc_routed.rpx
Command: report_drc -file sm_drc_routed.rpt -pb sm_drc_routed.pb -rpx sm_drc_routed.rpx
INFO: [DRC 23-27] Running DRC with 2 threads
INFO: [Coretcl 2-168] The results of DRC are in file C:/Users/Student/Documents/GitHub/CSM152B_S23/lab_2.1/lab_2.1.runs/impl_1/sm_drc_routed.rpt.
report_drc completed successfully
INFO: [runtcl-4] Executing : report_methodology -file sm_methodology_drc_routed.rpt -pb sm_methodology_drc_routed.pb -rpx sm_methodology_drc_routed.rpx
Command: report_methodology -file sm_methodology_drc_routed.rpt -pb sm_methodology_drc_routed.pb -rpx sm_methodology_drc_routed.rpx
INFO: [Timing 38-35] Done setting XDC timing constraints.
INFO: [Timing 38-35] Done setting XDC timing constraints.
INFO: [DRC 23-133] Running Methodology with 2 threads
INFO: [Coretcl 2-1520] The results of Report Methodology are in file C:/Users/Student/Documents/GitHub/CSM152B_S23/lab_2.1/lab_2.1.runs/impl_1/sm_methodology_drc_routed.rpt.
report_methodology completed successfully
INFO: [runtcl-4] Executing : report_power -file sm_power_routed.rpt -pb sm_power_summary_routed.pb -rpx sm_power_routed.rpx
Command: report_power -file sm_power_routed.rpt -pb sm_power_summary_routed.pb -rpx sm_power_routed.rpx
INFO: [Timing 38-35] Done setting XDC timing constraints.
Running Vector-less Activity Propagation...

Finished Running Vector-less Activity Propagation
81 Infos, 0 Warnings, 0 Critical Warnings and 0 Errors encountered.
report_power completed successfully
INFO: [runtcl-4] Executing : report_route_status -file sm_route_status.rpt -pb sm_route_status.pb
INFO: [runtcl-4] Executing : report_timing_summary -max_paths 10 -file sm_timing_summary_routed.rpt -pb sm_timing_summary_routed.pb -rpx sm_timing_summary_routed.rpx -warn_on_violation 
INFO: [Timing 38-91] UpdateTimingParams: Speed grade: -1, Delay Type: min_max, Timing Stage: Requireds.
INFO: [Timing 38-191] Multithreading enabled for timing update using a maximum of 2 CPUs
INFO: [runtcl-4] Executing : report_incremental_reuse -file sm_incremental_reuse_routed.rpt
INFO: [Vivado_Tcl 4-545] No incremental reuse to report, no incremental placement and routing data was found.
INFO: [runtcl-4] Executing : report_clock_utilization -file sm_clock_utilization_routed.rpt
INFO: [runtcl-4] Executing : report_bus_skew -warn_on_violation -file sm_bus_skew_routed.rpt -pb sm_bus_skew_routed.pb -rpx sm_bus_skew_routed.rpx
INFO: [Timing 38-91] UpdateTimingParams: Speed grade: -1, Delay Type: min_max, Timing Stage: Requireds.
INFO: [Timing 38-191] Multithreading enabled for timing update using a maximum of 2 CPUs
Command: write_bitstream -force sm.bit
Attempting to get a license for feature 'Implementation' and/or device 'xc7a35t'
INFO: [Common 17-349] Got license for feature 'Implementation' and/or device 'xc7a35t'
Running DRC as a precondition to command write_bitstream
INFO: [DRC 23-27] Running DRC with 2 threads
INFO: [Vivado 12-3199] DRC finished with 0 Errors
INFO: [Vivado 12-3200] Please refer to the DRC report (report_drc) for more information.
INFO: [Designutils 20-2272] Running write_bitstream with 2 threads.
Loading data files...
Loading site data...
Loading route data...
Processing options...
Creating bitmap...
Creating bitstream...
Writing bitstream ./sm.bit...
INFO: [Vivado 12-1842] Bitgen Completed Successfully.
INFO: [Project 1-120] WebTalk data collection is mandatory when using a WebPACK part without a full Vivado license. To see the specific WebTalk data collected for your design, open the usage_statistics_webtalk.html or usage_statistics_webtalk.xml file in the implementation directory.
INFO: [Common 17-83] Releasing license: Implementation
99 Infos, 0 Warnings, 0 Critical Warnings and 0 Errors encountered.
write_bitstream completed successfully
write_bitstream: Time (s): cpu = 00:00:09 ; elapsed = 00:00:10 . Memory (MB): peak = 1776.574 ; gain = 405.902
INFO: [Common 17-206] Exiting Vivado at Mon May 15 13:37:11 2023...
