12:56:07 INFO  : Registering command handlers for SDK TCF services
12:56:08 INFO  : Launching XSCT server: xsct.bat -interactive C:\Users\Student\Documents\GitHub\CSM152B_S23\lab_3\lab_3.sdk\temp_xsdb_launch_script.tcl
12:56:13 INFO  : XSCT server has started successfully.
12:56:13 INFO  : Successfully done setting XSCT server connection channel  
12:56:18 INFO  : Processing command line option -hwspec C:/Users/Student/Documents/GitHub/CSM152B_S23/lab_3/lab_3.sdk/design_1_wrapper.hdf.
12:56:18 INFO  : Successfully done setting SDK workspace  
12:59:55 INFO  : Connected to target on host '127.0.0.1' and port '3121'.
12:59:55 INFO  : 'targets -set -filter {jtag_cable_name =~ "Digilent Basys3 210183B31C2FA" && level==0} -index 0' command is executed.
12:59:57 INFO  : FPGA configured successfully with bitstream "C:/Users/Student/Documents/GitHub/CSM152B_S23/lab_3/lab_3.sdk/design_1_wrapper_hw_platform_0/download.bit"
13:02:21 INFO  : 'targets -set -filter {jtag_cable_name =~ "Digilent Basys3 210183B31C2FA" && level==0} -index 0' command is executed.
13:02:21 INFO  : 'fpga -state' command is executed.
13:02:21 INFO  : Connected to target on host '127.0.0.1' and port '3121'.
13:02:21 INFO  : Jtag cable 'Digilent Basys3 210183B31C2FA' is selected.
13:02:21 INFO  : 'jtag frequency' command is executed.
13:02:21 INFO  : 'configparams mdm-detect-bscan-mask 2' command is executed.
13:02:21 INFO  : Context for processor 'microblaze_0' is selected.
13:02:21 INFO  : Processor reset is completed for 'microblaze_0'.
13:02:21 INFO  : Context for processor 'microblaze_0' is selected.
13:02:21 INFO  : The application 'C:/Users/Student/Documents/GitHub/CSM152B_S23/lab_3/lab_3.sdk/lab_3_hw/Debug/lab_3_hw.elf' is downloaded to processor 'microblaze_0'.
13:02:21 INFO  : ----------------XSDB Script----------------
connect -url tcp:127.0.0.1:3121
configparams mdm-detect-bscan-mask 2
targets -set -nocase -filter {name =~ "microblaze*#0" && bscan=="USER2"  && jtag_cable_name =~ "Digilent Basys3 210183B31C2FA"} -index 0
rst -processor
targets -set -nocase -filter {name =~ "microblaze*#0" && bscan=="USER2"  && jtag_cable_name =~ "Digilent Basys3 210183B31C2FA"} -index 0
dow C:/Users/Student/Documents/GitHub/CSM152B_S23/lab_3/lab_3.sdk/lab_3_hw/Debug/lab_3_hw.elf
----------------End of Script----------------

13:02:22 INFO  : Memory regions updated for context PA
13:02:22 INFO  : Memory regions updated for context PA
13:02:22 INFO  : Context for processor 'microblaze_0' is selected.
13:02:22 INFO  : 'con' command is executed.
13:02:22 INFO  : ----------------XSDB Script (After Launch)----------------
targets -set -nocase -filter {name =~ "microblaze*#0" && bscan=="USER2"  && jtag_cable_name =~ "Digilent Basys3 210183B31C2FA"} -index 0
con
----------------End of Script----------------

13:02:22 INFO  : Launch script is exported to file 'C:\Users\Student\Documents\GitHub\CSM152B_S23\lab_3\lab_3.sdk\.sdk\launch_scripts\xilinx_c-c++_application_(system_debugger)\system_debugger_using_debug_lab_3_hw.elf_on_local.tcl'
13:08:57 INFO  : Disconnected from the channel tcfchan#1.
13:08:59 INFO  : 'targets -set -filter {jtag_cable_name =~ "Digilent Basys3 210183B31C2FA" && level==0} -index 0' command is executed.
13:08:59 INFO  : 'fpga -state' command is executed.
13:08:59 INFO  : Connected to target on host '127.0.0.1' and port '3121'.
13:08:59 INFO  : Jtag cable 'Digilent Basys3 210183B31C2FA' is selected.
13:08:59 INFO  : 'jtag frequency' command is executed.
13:08:59 INFO  : 'configparams mdm-detect-bscan-mask 2' command is executed.
13:08:59 INFO  : Context for processor 'microblaze_0' is selected.
13:08:59 INFO  : Processor reset is completed for 'microblaze_0'.
13:08:59 INFO  : Context for processor 'microblaze_0' is selected.
13:09:00 INFO  : The application 'C:/Users/Student/Documents/GitHub/CSM152B_S23/lab_3/lab_3.sdk/lab_3_hw/Debug/lab_3_hw.elf' is downloaded to processor 'microblaze_0'.
13:09:00 INFO  : ----------------XSDB Script----------------
connect -url tcp:127.0.0.1:3121
configparams mdm-detect-bscan-mask 2
targets -set -nocase -filter {name =~ "microblaze*#0" && bscan=="USER2"  && jtag_cable_name =~ "Digilent Basys3 210183B31C2FA"} -index 0
rst -processor
targets -set -nocase -filter {name =~ "microblaze*#0" && bscan=="USER2"  && jtag_cable_name =~ "Digilent Basys3 210183B31C2FA"} -index 0
dow C:/Users/Student/Documents/GitHub/CSM152B_S23/lab_3/lab_3.sdk/lab_3_hw/Debug/lab_3_hw.elf
----------------End of Script----------------

13:09:00 INFO  : Memory regions updated for context PA
13:09:00 INFO  : Memory regions updated for context PA
13:09:00 INFO  : Context for processor 'microblaze_0' is selected.
13:09:00 INFO  : 'con' command is executed.
13:09:00 INFO  : ----------------XSDB Script (After Launch)----------------
targets -set -nocase -filter {name =~ "microblaze*#0" && bscan=="USER2"  && jtag_cable_name =~ "Digilent Basys3 210183B31C2FA"} -index 0
con
----------------End of Script----------------

13:09:00 INFO  : Launch script is exported to file 'C:\Users\Student\Documents\GitHub\CSM152B_S23\lab_3\lab_3.sdk\.sdk\launch_scripts\xilinx_c-c++_application_(system_debugger)\system_debugger_using_debug_lab_3_hw.elf_on_local.tcl'
13:11:48 INFO  : Disconnected from the channel tcfchan#2.
13:11:49 INFO  : 'targets -set -filter {jtag_cable_name =~ "Digilent Basys3 210183B31C2FA" && level==0} -index 0' command is executed.
13:11:49 INFO  : 'fpga -state' command is executed.
13:11:49 INFO  : Connected to target on host '127.0.0.1' and port '3121'.
13:11:49 INFO  : Jtag cable 'Digilent Basys3 210183B31C2FA' is selected.
13:11:49 INFO  : 'jtag frequency' command is executed.
13:11:49 INFO  : 'configparams mdm-detect-bscan-mask 2' command is executed.
13:11:49 INFO  : Context for processor 'microblaze_0' is selected.
13:11:49 INFO  : Processor reset is completed for 'microblaze_0'.
13:11:49 INFO  : Context for processor 'microblaze_0' is selected.
13:11:50 INFO  : The application 'C:/Users/Student/Documents/GitHub/CSM152B_S23/lab_3/lab_3.sdk/lab_3_hw/Debug/lab_3_hw.elf' is downloaded to processor 'microblaze_0'.
13:11:50 INFO  : ----------------XSDB Script----------------
connect -url tcp:127.0.0.1:3121
configparams mdm-detect-bscan-mask 2
targets -set -nocase -filter {name =~ "microblaze*#0" && bscan=="USER2"  && jtag_cable_name =~ "Digilent Basys3 210183B31C2FA"} -index 0
rst -processor
targets -set -nocase -filter {name =~ "microblaze*#0" && bscan=="USER2"  && jtag_cable_name =~ "Digilent Basys3 210183B31C2FA"} -index 0
dow C:/Users/Student/Documents/GitHub/CSM152B_S23/lab_3/lab_3.sdk/lab_3_hw/Debug/lab_3_hw.elf
----------------End of Script----------------

13:11:50 INFO  : Memory regions updated for context PA
13:11:50 INFO  : Memory regions updated for context PA
13:11:50 INFO  : Context for processor 'microblaze_0' is selected.
13:11:50 INFO  : 'con' command is executed.
13:11:50 INFO  : ----------------XSDB Script (After Launch)----------------
targets -set -nocase -filter {name =~ "microblaze*#0" && bscan=="USER2"  && jtag_cable_name =~ "Digilent Basys3 210183B31C2FA"} -index 0
con
----------------End of Script----------------

13:11:50 INFO  : Launch script is exported to file 'C:\Users\Student\Documents\GitHub\CSM152B_S23\lab_3\lab_3.sdk\.sdk\launch_scripts\xilinx_c-c++_application_(system_debugger)\system_debugger_using_debug_lab_3_hw.elf_on_local.tcl'
13:12:25 INFO  : Disconnected from the channel tcfchan#3.
13:12:26 INFO  : 'targets -set -filter {jtag_cable_name =~ "Digilent Basys3 210183B31C2FA" && level==0} -index 0' command is executed.
13:12:26 INFO  : 'fpga -state' command is executed.
13:12:26 INFO  : Connected to target on host '127.0.0.1' and port '3121'.
13:12:27 INFO  : Jtag cable 'Digilent Basys3 210183B31C2FA' is selected.
13:12:27 INFO  : 'jtag frequency' command is executed.
13:12:27 INFO  : 'configparams mdm-detect-bscan-mask 2' command is executed.
13:12:27 INFO  : Context for processor 'microblaze_0' is selected.
13:12:27 INFO  : Processor reset is completed for 'microblaze_0'.
13:12:27 INFO  : Context for processor 'microblaze_0' is selected.
13:12:27 INFO  : The application 'C:/Users/Student/Documents/GitHub/CSM152B_S23/lab_3/lab_3.sdk/lab_3_hw/Debug/lab_3_hw.elf' is downloaded to processor 'microblaze_0'.
13:12:27 INFO  : ----------------XSDB Script----------------
connect -url tcp:127.0.0.1:3121
configparams mdm-detect-bscan-mask 2
targets -set -nocase -filter {name =~ "microblaze*#0" && bscan=="USER2"  && jtag_cable_name =~ "Digilent Basys3 210183B31C2FA"} -index 0
rst -processor
targets -set -nocase -filter {name =~ "microblaze*#0" && bscan=="USER2"  && jtag_cable_name =~ "Digilent Basys3 210183B31C2FA"} -index 0
dow C:/Users/Student/Documents/GitHub/CSM152B_S23/lab_3/lab_3.sdk/lab_3_hw/Debug/lab_3_hw.elf
----------------End of Script----------------

13:12:27 INFO  : Memory regions updated for context PA
13:12:27 INFO  : Memory regions updated for context PA
13:12:28 INFO  : Context for processor 'microblaze_0' is selected.
13:12:28 INFO  : 'con' command is executed.
13:12:28 INFO  : ----------------XSDB Script (After Launch)----------------
targets -set -nocase -filter {name =~ "microblaze*#0" && bscan=="USER2"  && jtag_cable_name =~ "Digilent Basys3 210183B31C2FA"} -index 0
con
----------------End of Script----------------

13:12:28 INFO  : Launch script is exported to file 'C:\Users\Student\Documents\GitHub\CSM152B_S23\lab_3\lab_3.sdk\.sdk\launch_scripts\xilinx_c-c++_application_(system_debugger)\system_debugger_using_debug_lab_3_hw.elf_on_local.tcl'
13:13:12 INFO  : Disconnected from the channel tcfchan#4.
13:13:13 INFO  : 'targets -set -filter {jtag_cable_name =~ "Digilent Basys3 210183B31C2FA" && level==0} -index 0' command is executed.
13:13:13 INFO  : 'fpga -state' command is executed.
13:13:13 INFO  : Connected to target on host '127.0.0.1' and port '3121'.
13:13:13 INFO  : Jtag cable 'Digilent Basys3 210183B31C2FA' is selected.
13:13:13 INFO  : 'jtag frequency' command is executed.
13:13:13 INFO  : 'configparams mdm-detect-bscan-mask 2' command is executed.
13:13:13 INFO  : Context for processor 'microblaze_0' is selected.
13:13:13 INFO  : Processor reset is completed for 'microblaze_0'.
13:13:13 INFO  : Context for processor 'microblaze_0' is selected.
13:13:14 INFO  : The application 'C:/Users/Student/Documents/GitHub/CSM152B_S23/lab_3/lab_3.sdk/lab_3_hw/Debug/lab_3_hw.elf' is downloaded to processor 'microblaze_0'.
13:13:14 INFO  : ----------------XSDB Script----------------
connect -url tcp:127.0.0.1:3121
configparams mdm-detect-bscan-mask 2
targets -set -nocase -filter {name =~ "microblaze*#0" && bscan=="USER2"  && jtag_cable_name =~ "Digilent Basys3 210183B31C2FA"} -index 0
rst -processor
targets -set -nocase -filter {name =~ "microblaze*#0" && bscan=="USER2"  && jtag_cable_name =~ "Digilent Basys3 210183B31C2FA"} -index 0
dow C:/Users/Student/Documents/GitHub/CSM152B_S23/lab_3/lab_3.sdk/lab_3_hw/Debug/lab_3_hw.elf
----------------End of Script----------------

13:13:14 INFO  : Memory regions updated for context PA
13:13:14 INFO  : Memory regions updated for context PA
13:13:14 INFO  : Context for processor 'microblaze_0' is selected.
13:13:14 INFO  : 'con' command is executed.
13:13:14 INFO  : ----------------XSDB Script (After Launch)----------------
targets -set -nocase -filter {name =~ "microblaze*#0" && bscan=="USER2"  && jtag_cable_name =~ "Digilent Basys3 210183B31C2FA"} -index 0
con
----------------End of Script----------------

13:13:14 INFO  : Launch script is exported to file 'C:\Users\Student\Documents\GitHub\CSM152B_S23\lab_3\lab_3.sdk\.sdk\launch_scripts\xilinx_c-c++_application_(system_debugger)\system_debugger_using_debug_lab_3_hw.elf_on_local.tcl'
13:15:10 INFO  : Disconnected from the channel tcfchan#5.
13:15:11 INFO  : 'targets -set -filter {jtag_cable_name =~ "Digilent Basys3 210183B31C2FA" && level==0} -index 0' command is executed.
13:15:11 INFO  : 'fpga -state' command is executed.
13:15:11 INFO  : Connected to target on host '127.0.0.1' and port '3121'.
13:15:11 INFO  : Jtag cable 'Digilent Basys3 210183B31C2FA' is selected.
13:15:11 INFO  : 'jtag frequency' command is executed.
13:15:11 INFO  : 'configparams mdm-detect-bscan-mask 2' command is executed.
13:15:11 INFO  : Context for processor 'microblaze_0' is selected.
13:15:11 INFO  : Processor reset is completed for 'microblaze_0'.
13:15:11 INFO  : Context for processor 'microblaze_0' is selected.
13:15:12 INFO  : The application 'C:/Users/Student/Documents/GitHub/CSM152B_S23/lab_3/lab_3.sdk/lab_3_hw/Debug/lab_3_hw.elf' is downloaded to processor 'microblaze_0'.
13:15:12 INFO  : ----------------XSDB Script----------------
connect -url tcp:127.0.0.1:3121
configparams mdm-detect-bscan-mask 2
targets -set -nocase -filter {name =~ "microblaze*#0" && bscan=="USER2"  && jtag_cable_name =~ "Digilent Basys3 210183B31C2FA"} -index 0
rst -processor
targets -set -nocase -filter {name =~ "microblaze*#0" && bscan=="USER2"  && jtag_cable_name =~ "Digilent Basys3 210183B31C2FA"} -index 0
dow C:/Users/Student/Documents/GitHub/CSM152B_S23/lab_3/lab_3.sdk/lab_3_hw/Debug/lab_3_hw.elf
----------------End of Script----------------

13:15:12 INFO  : Memory regions updated for context PA
13:15:12 INFO  : Memory regions updated for context PA
13:15:12 INFO  : Context for processor 'microblaze_0' is selected.
13:15:12 INFO  : 'con' command is executed.
13:15:12 INFO  : ----------------XSDB Script (After Launch)----------------
targets -set -nocase -filter {name =~ "microblaze*#0" && bscan=="USER2"  && jtag_cable_name =~ "Digilent Basys3 210183B31C2FA"} -index 0
con
----------------End of Script----------------

13:15:12 INFO  : Launch script is exported to file 'C:\Users\Student\Documents\GitHub\CSM152B_S23\lab_3\lab_3.sdk\.sdk\launch_scripts\xilinx_c-c++_application_(system_debugger)\system_debugger_using_debug_lab_3_hw.elf_on_local.tcl'
13:16:13 INFO  : Disconnected from the channel tcfchan#6.
13:16:14 INFO  : 'targets -set -filter {jtag_cable_name =~ "Digilent Basys3 210183B31C2FA" && level==0} -index 0' command is executed.
13:16:14 INFO  : 'fpga -state' command is executed.
13:16:14 INFO  : Connected to target on host '127.0.0.1' and port '3121'.
13:16:15 INFO  : Jtag cable 'Digilent Basys3 210183B31C2FA' is selected.
13:16:15 INFO  : 'jtag frequency' command is executed.
13:16:15 INFO  : 'configparams mdm-detect-bscan-mask 2' command is executed.
13:16:15 INFO  : Context for processor 'microblaze_0' is selected.
13:16:15 INFO  : Processor reset is completed for 'microblaze_0'.
13:16:15 INFO  : Context for processor 'microblaze_0' is selected.
13:16:16 INFO  : The application 'C:/Users/Student/Documents/GitHub/CSM152B_S23/lab_3/lab_3.sdk/lab_3_hw/Debug/lab_3_hw.elf' is downloaded to processor 'microblaze_0'.
13:16:16 INFO  : ----------------XSDB Script----------------
connect -url tcp:127.0.0.1:3121
configparams mdm-detect-bscan-mask 2
targets -set -nocase -filter {name =~ "microblaze*#0" && bscan=="USER2"  && jtag_cable_name =~ "Digilent Basys3 210183B31C2FA"} -index 0
rst -processor
targets -set -nocase -filter {name =~ "microblaze*#0" && bscan=="USER2"  && jtag_cable_name =~ "Digilent Basys3 210183B31C2FA"} -index 0
dow C:/Users/Student/Documents/GitHub/CSM152B_S23/lab_3/lab_3.sdk/lab_3_hw/Debug/lab_3_hw.elf
----------------End of Script----------------

13:16:16 INFO  : Memory regions updated for context PA
13:16:16 INFO  : Memory regions updated for context PA
13:16:16 INFO  : Context for processor 'microblaze_0' is selected.
13:16:16 INFO  : 'con' command is executed.
13:16:16 INFO  : ----------------XSDB Script (After Launch)----------------
targets -set -nocase -filter {name =~ "microblaze*#0" && bscan=="USER2"  && jtag_cable_name =~ "Digilent Basys3 210183B31C2FA"} -index 0
con
----------------End of Script----------------

13:16:16 INFO  : Launch script is exported to file 'C:\Users\Student\Documents\GitHub\CSM152B_S23\lab_3\lab_3.sdk\.sdk\launch_scripts\xilinx_c-c++_application_(system_debugger)\system_debugger_using_debug_lab_3_hw.elf_on_local.tcl'
13:17:16 INFO  : Disconnected from the channel tcfchan#7.
13:17:17 INFO  : 'targets -set -filter {jtag_cable_name =~ "Digilent Basys3 210183B31C2FA" && level==0} -index 0' command is executed.
13:17:17 INFO  : 'fpga -state' command is executed.
13:17:17 INFO  : Connected to target on host '127.0.0.1' and port '3121'.
13:17:18 INFO  : Jtag cable 'Digilent Basys3 210183B31C2FA' is selected.
13:17:18 INFO  : 'jtag frequency' command is executed.
13:17:18 INFO  : 'configparams mdm-detect-bscan-mask 2' command is executed.
13:17:18 INFO  : Context for processor 'microblaze_0' is selected.
13:17:18 INFO  : Processor reset is completed for 'microblaze_0'.
13:17:18 INFO  : Context for processor 'microblaze_0' is selected.
13:17:18 INFO  : The application 'C:/Users/Student/Documents/GitHub/CSM152B_S23/lab_3/lab_3.sdk/lab_3_hw/Debug/lab_3_hw.elf' is downloaded to processor 'microblaze_0'.
13:17:18 INFO  : ----------------XSDB Script----------------
connect -url tcp:127.0.0.1:3121
configparams mdm-detect-bscan-mask 2
targets -set -nocase -filter {name =~ "microblaze*#0" && bscan=="USER2"  && jtag_cable_name =~ "Digilent Basys3 210183B31C2FA"} -index 0
rst -processor
targets -set -nocase -filter {name =~ "microblaze*#0" && bscan=="USER2"  && jtag_cable_name =~ "Digilent Basys3 210183B31C2FA"} -index 0
dow C:/Users/Student/Documents/GitHub/CSM152B_S23/lab_3/lab_3.sdk/lab_3_hw/Debug/lab_3_hw.elf
----------------End of Script----------------

13:17:19 INFO  : Memory regions updated for context PA
13:17:19 INFO  : Memory regions updated for context PA
13:17:19 INFO  : Context for processor 'microblaze_0' is selected.
13:17:19 INFO  : 'con' command is executed.
13:17:19 INFO  : ----------------XSDB Script (After Launch)----------------
targets -set -nocase -filter {name =~ "microblaze*#0" && bscan=="USER2"  && jtag_cable_name =~ "Digilent Basys3 210183B31C2FA"} -index 0
con
----------------End of Script----------------

13:17:19 INFO  : Launch script is exported to file 'C:\Users\Student\Documents\GitHub\CSM152B_S23\lab_3\lab_3.sdk\.sdk\launch_scripts\xilinx_c-c++_application_(system_debugger)\system_debugger_using_debug_lab_3_hw.elf_on_local.tcl'
13:17:50 INFO  : Disconnected from the channel tcfchan#8.
13:17:52 INFO  : 'targets -set -filter {jtag_cable_name =~ "Digilent Basys3 210183B31C2FA" && level==0} -index 0' command is executed.
13:17:52 INFO  : 'fpga -state' command is executed.
13:17:52 INFO  : Connected to target on host '127.0.0.1' and port '3121'.
13:17:52 INFO  : Jtag cable 'Digilent Basys3 210183B31C2FA' is selected.
13:17:52 INFO  : 'jtag frequency' command is executed.
13:17:52 INFO  : 'configparams mdm-detect-bscan-mask 2' command is executed.
13:17:52 INFO  : Context for processor 'microblaze_0' is selected.
13:17:52 INFO  : Processor reset is completed for 'microblaze_0'.
13:17:52 INFO  : Context for processor 'microblaze_0' is selected.
13:17:53 INFO  : The application 'C:/Users/Student/Documents/GitHub/CSM152B_S23/lab_3/lab_3.sdk/lab_3_hw/Debug/lab_3_hw.elf' is downloaded to processor 'microblaze_0'.
13:17:53 INFO  : ----------------XSDB Script----------------
connect -url tcp:127.0.0.1:3121
configparams mdm-detect-bscan-mask 2
targets -set -nocase -filter {name =~ "microblaze*#0" && bscan=="USER2"  && jtag_cable_name =~ "Digilent Basys3 210183B31C2FA"} -index 0
rst -processor
targets -set -nocase -filter {name =~ "microblaze*#0" && bscan=="USER2"  && jtag_cable_name =~ "Digilent Basys3 210183B31C2FA"} -index 0
dow C:/Users/Student/Documents/GitHub/CSM152B_S23/lab_3/lab_3.sdk/lab_3_hw/Debug/lab_3_hw.elf
----------------End of Script----------------

13:17:53 INFO  : Memory regions updated for context PA
13:17:53 INFO  : Memory regions updated for context PA
13:17:53 INFO  : Context for processor 'microblaze_0' is selected.
13:17:53 INFO  : 'con' command is executed.
13:17:53 INFO  : ----------------XSDB Script (After Launch)----------------
targets -set -nocase -filter {name =~ "microblaze*#0" && bscan=="USER2"  && jtag_cable_name =~ "Digilent Basys3 210183B31C2FA"} -index 0
con
----------------End of Script----------------

13:17:53 INFO  : Launch script is exported to file 'C:\Users\Student\Documents\GitHub\CSM152B_S23\lab_3\lab_3.sdk\.sdk\launch_scripts\xilinx_c-c++_application_(system_debugger)\system_debugger_using_debug_lab_3_hw.elf_on_local.tcl'
13:18:07 INFO  : Disconnected from the channel tcfchan#9.
13:18:08 INFO  : 'targets -set -filter {jtag_cable_name =~ "Digilent Basys3 210183B31C2FA" && level==0} -index 0' command is executed.
13:18:08 INFO  : 'fpga -state' command is executed.
13:18:08 INFO  : Connected to target on host '127.0.0.1' and port '3121'.
13:18:09 INFO  : Jtag cable 'Digilent Basys3 210183B31C2FA' is selected.
13:18:09 INFO  : 'jtag frequency' command is executed.
13:18:09 INFO  : 'configparams mdm-detect-bscan-mask 2' command is executed.
13:18:09 INFO  : Context for processor 'microblaze_0' is selected.
13:18:09 INFO  : Processor reset is completed for 'microblaze_0'.
13:18:09 INFO  : Context for processor 'microblaze_0' is selected.
13:18:10 INFO  : The application 'C:/Users/Student/Documents/GitHub/CSM152B_S23/lab_3/lab_3.sdk/lab_3_hw/Debug/lab_3_hw.elf' is downloaded to processor 'microblaze_0'.
13:18:10 INFO  : ----------------XSDB Script----------------
connect -url tcp:127.0.0.1:3121
configparams mdm-detect-bscan-mask 2
targets -set -nocase -filter {name =~ "microblaze*#0" && bscan=="USER2"  && jtag_cable_name =~ "Digilent Basys3 210183B31C2FA"} -index 0
rst -processor
targets -set -nocase -filter {name =~ "microblaze*#0" && bscan=="USER2"  && jtag_cable_name =~ "Digilent Basys3 210183B31C2FA"} -index 0
dow C:/Users/Student/Documents/GitHub/CSM152B_S23/lab_3/lab_3.sdk/lab_3_hw/Debug/lab_3_hw.elf
----------------End of Script----------------

13:18:10 INFO  : Memory regions updated for context PA
13:18:10 INFO  : Memory regions updated for context PA
13:18:10 INFO  : Context for processor 'microblaze_0' is selected.
13:18:10 INFO  : 'con' command is executed.
13:18:10 INFO  : ----------------XSDB Script (After Launch)----------------
targets -set -nocase -filter {name =~ "microblaze*#0" && bscan=="USER2"  && jtag_cable_name =~ "Digilent Basys3 210183B31C2FA"} -index 0
con
----------------End of Script----------------

13:18:10 INFO  : Launch script is exported to file 'C:\Users\Student\Documents\GitHub\CSM152B_S23\lab_3\lab_3.sdk\.sdk\launch_scripts\xilinx_c-c++_application_(system_debugger)\system_debugger_using_debug_lab_3_hw.elf_on_local.tcl'
13:19:17 INFO  : Disconnected from the channel tcfchan#10.
13:19:18 INFO  : 'targets -set -filter {jtag_cable_name =~ "Digilent Basys3 210183B31C2FA" && level==0} -index 0' command is executed.
13:19:18 INFO  : 'fpga -state' command is executed.
13:19:18 INFO  : Connected to target on host '127.0.0.1' and port '3121'.
13:19:19 INFO  : Jtag cable 'Digilent Basys3 210183B31C2FA' is selected.
13:19:19 INFO  : 'jtag frequency' command is executed.
13:19:19 INFO  : 'configparams mdm-detect-bscan-mask 2' command is executed.
13:19:19 INFO  : Context for processor 'microblaze_0' is selected.
13:19:19 INFO  : Processor reset is completed for 'microblaze_0'.
13:19:19 INFO  : Context for processor 'microblaze_0' is selected.
13:19:19 INFO  : The application 'C:/Users/Student/Documents/GitHub/CSM152B_S23/lab_3/lab_3.sdk/lab_3_hw/Debug/lab_3_hw.elf' is downloaded to processor 'microblaze_0'.
13:19:19 INFO  : ----------------XSDB Script----------------
connect -url tcp:127.0.0.1:3121
configparams mdm-detect-bscan-mask 2
targets -set -nocase -filter {name =~ "microblaze*#0" && bscan=="USER2"  && jtag_cable_name =~ "Digilent Basys3 210183B31C2FA"} -index 0
rst -processor
targets -set -nocase -filter {name =~ "microblaze*#0" && bscan=="USER2"  && jtag_cable_name =~ "Digilent Basys3 210183B31C2FA"} -index 0
dow C:/Users/Student/Documents/GitHub/CSM152B_S23/lab_3/lab_3.sdk/lab_3_hw/Debug/lab_3_hw.elf
----------------End of Script----------------

13:19:19 INFO  : Memory regions updated for context PA
13:19:19 INFO  : Memory regions updated for context PA
13:19:20 INFO  : Context for processor 'microblaze_0' is selected.
13:19:20 INFO  : 'con' command is executed.
13:19:20 INFO  : ----------------XSDB Script (After Launch)----------------
targets -set -nocase -filter {name =~ "microblaze*#0" && bscan=="USER2"  && jtag_cable_name =~ "Digilent Basys3 210183B31C2FA"} -index 0
con
----------------End of Script----------------

13:19:20 INFO  : Launch script is exported to file 'C:\Users\Student\Documents\GitHub\CSM152B_S23\lab_3\lab_3.sdk\.sdk\launch_scripts\xilinx_c-c++_application_(system_debugger)\system_debugger_using_debug_lab_3_hw.elf_on_local.tcl'
13:19:59 INFO  : Disconnected from the channel tcfchan#11.
13:20:00 INFO  : 'targets -set -filter {jtag_cable_name =~ "Digilent Basys3 210183B31C2FA" && level==0} -index 0' command is executed.
13:20:00 INFO  : 'fpga -state' command is executed.
13:20:00 INFO  : Connected to target on host '127.0.0.1' and port '3121'.
13:20:01 INFO  : Jtag cable 'Digilent Basys3 210183B31C2FA' is selected.
13:20:01 INFO  : 'jtag frequency' command is executed.
13:20:01 INFO  : 'configparams mdm-detect-bscan-mask 2' command is executed.
13:20:01 INFO  : Context for processor 'microblaze_0' is selected.
13:20:01 INFO  : Processor reset is completed for 'microblaze_0'.
13:20:01 INFO  : Context for processor 'microblaze_0' is selected.
13:20:01 INFO  : The application 'C:/Users/Student/Documents/GitHub/CSM152B_S23/lab_3/lab_3.sdk/lab_3_hw/Debug/lab_3_hw.elf' is downloaded to processor 'microblaze_0'.
13:20:01 INFO  : ----------------XSDB Script----------------
connect -url tcp:127.0.0.1:3121
configparams mdm-detect-bscan-mask 2
targets -set -nocase -filter {name =~ "microblaze*#0" && bscan=="USER2"  && jtag_cable_name =~ "Digilent Basys3 210183B31C2FA"} -index 0
rst -processor
targets -set -nocase -filter {name =~ "microblaze*#0" && bscan=="USER2"  && jtag_cable_name =~ "Digilent Basys3 210183B31C2FA"} -index 0
dow C:/Users/Student/Documents/GitHub/CSM152B_S23/lab_3/lab_3.sdk/lab_3_hw/Debug/lab_3_hw.elf
----------------End of Script----------------

13:20:01 INFO  : Memory regions updated for context PA
13:20:01 INFO  : Memory regions updated for context PA
13:20:02 INFO  : Context for processor 'microblaze_0' is selected.
13:20:02 INFO  : 'con' command is executed.
13:20:02 INFO  : ----------------XSDB Script (After Launch)----------------
targets -set -nocase -filter {name =~ "microblaze*#0" && bscan=="USER2"  && jtag_cable_name =~ "Digilent Basys3 210183B31C2FA"} -index 0
con
----------------End of Script----------------

13:20:02 INFO  : Launch script is exported to file 'C:\Users\Student\Documents\GitHub\CSM152B_S23\lab_3\lab_3.sdk\.sdk\launch_scripts\xilinx_c-c++_application_(system_debugger)\system_debugger_using_debug_lab_3_hw.elf_on_local.tcl'
13:20:54 INFO  : Disconnected from the channel tcfchan#12.
13:20:55 INFO  : 'targets -set -filter {jtag_cable_name =~ "Digilent Basys3 210183B31C2FA" && level==0} -index 0' command is executed.
13:20:55 INFO  : 'fpga -state' command is executed.
13:20:55 INFO  : Connected to target on host '127.0.0.1' and port '3121'.
13:20:55 INFO  : Jtag cable 'Digilent Basys3 210183B31C2FA' is selected.
13:20:55 INFO  : 'jtag frequency' command is executed.
13:20:55 INFO  : 'configparams mdm-detect-bscan-mask 2' command is executed.
13:20:56 INFO  : Context for processor 'microblaze_0' is selected.
13:20:56 INFO  : Processor reset is completed for 'microblaze_0'.
13:20:56 INFO  : Context for processor 'microblaze_0' is selected.
13:20:56 INFO  : The application 'C:/Users/Student/Documents/GitHub/CSM152B_S23/lab_3/lab_3.sdk/lab_3_hw/Debug/lab_3_hw.elf' is downloaded to processor 'microblaze_0'.
13:20:56 INFO  : ----------------XSDB Script----------------
connect -url tcp:127.0.0.1:3121
configparams mdm-detect-bscan-mask 2
targets -set -nocase -filter {name =~ "microblaze*#0" && bscan=="USER2"  && jtag_cable_name =~ "Digilent Basys3 210183B31C2FA"} -index 0
rst -processor
targets -set -nocase -filter {name =~ "microblaze*#0" && bscan=="USER2"  && jtag_cable_name =~ "Digilent Basys3 210183B31C2FA"} -index 0
dow C:/Users/Student/Documents/GitHub/CSM152B_S23/lab_3/lab_3.sdk/lab_3_hw/Debug/lab_3_hw.elf
----------------End of Script----------------

13:20:56 INFO  : Memory regions updated for context PA
13:20:56 INFO  : Memory regions updated for context PA
13:20:56 INFO  : Context for processor 'microblaze_0' is selected.
13:20:56 INFO  : 'con' command is executed.
13:20:56 INFO  : ----------------XSDB Script (After Launch)----------------
targets -set -nocase -filter {name =~ "microblaze*#0" && bscan=="USER2"  && jtag_cable_name =~ "Digilent Basys3 210183B31C2FA"} -index 0
con
----------------End of Script----------------

13:20:56 INFO  : Launch script is exported to file 'C:\Users\Student\Documents\GitHub\CSM152B_S23\lab_3\lab_3.sdk\.sdk\launch_scripts\xilinx_c-c++_application_(system_debugger)\system_debugger_using_debug_lab_3_hw.elf_on_local.tcl'
13:22:59 INFO  : Disconnected from the channel tcfchan#13.
13:23:01 INFO  : 'targets -set -filter {jtag_cable_name =~ "Digilent Basys3 210183B31C2FA" && level==0} -index 0' command is executed.
13:23:01 INFO  : 'fpga -state' command is executed.
13:23:01 INFO  : Connected to target on host '127.0.0.1' and port '3121'.
13:23:01 INFO  : Jtag cable 'Digilent Basys3 210183B31C2FA' is selected.
13:23:01 INFO  : 'jtag frequency' command is executed.
13:23:01 INFO  : 'configparams mdm-detect-bscan-mask 2' command is executed.
13:23:01 INFO  : Context for processor 'microblaze_0' is selected.
13:23:01 INFO  : Processor reset is completed for 'microblaze_0'.
13:23:01 INFO  : Context for processor 'microblaze_0' is selected.
13:23:02 INFO  : The application 'C:/Users/Student/Documents/GitHub/CSM152B_S23/lab_3/lab_3.sdk/lab_3_hw/Debug/lab_3_hw.elf' is downloaded to processor 'microblaze_0'.
13:23:02 INFO  : ----------------XSDB Script----------------
connect -url tcp:127.0.0.1:3121
configparams mdm-detect-bscan-mask 2
targets -set -nocase -filter {name =~ "microblaze*#0" && bscan=="USER2"  && jtag_cable_name =~ "Digilent Basys3 210183B31C2FA"} -index 0
rst -processor
targets -set -nocase -filter {name =~ "microblaze*#0" && bscan=="USER2"  && jtag_cable_name =~ "Digilent Basys3 210183B31C2FA"} -index 0
dow C:/Users/Student/Documents/GitHub/CSM152B_S23/lab_3/lab_3.sdk/lab_3_hw/Debug/lab_3_hw.elf
----------------End of Script----------------

13:23:02 INFO  : Memory regions updated for context PA
13:23:02 INFO  : Memory regions updated for context PA
13:23:02 INFO  : Context for processor 'microblaze_0' is selected.
13:23:02 INFO  : 'con' command is executed.
13:23:02 INFO  : ----------------XSDB Script (After Launch)----------------
targets -set -nocase -filter {name =~ "microblaze*#0" && bscan=="USER2"  && jtag_cable_name =~ "Digilent Basys3 210183B31C2FA"} -index 0
con
----------------End of Script----------------

13:23:02 INFO  : Launch script is exported to file 'C:\Users\Student\Documents\GitHub\CSM152B_S23\lab_3\lab_3.sdk\.sdk\launch_scripts\xilinx_c-c++_application_(system_debugger)\system_debugger_using_debug_lab_3_hw.elf_on_local.tcl'
13:26:28 INFO  : Disconnected from the channel tcfchan#14.
13:26:30 INFO  : 'targets -set -filter {jtag_cable_name =~ "Digilent Basys3 210183B31C2FA" && level==0} -index 0' command is executed.
13:26:30 INFO  : 'fpga -state' command is executed.
13:26:30 INFO  : Connected to target on host '127.0.0.1' and port '3121'.
13:26:30 INFO  : Jtag cable 'Digilent Basys3 210183B31C2FA' is selected.
13:26:30 INFO  : 'jtag frequency' command is executed.
13:26:30 INFO  : 'configparams mdm-detect-bscan-mask 2' command is executed.
13:26:30 INFO  : Context for processor 'microblaze_0' is selected.
13:26:30 INFO  : Processor reset is completed for 'microblaze_0'.
13:26:30 INFO  : Context for processor 'microblaze_0' is selected.
13:26:31 INFO  : The application 'C:/Users/Student/Documents/GitHub/CSM152B_S23/lab_3/lab_3.sdk/lab_3_hw/Debug/lab_3_hw.elf' is downloaded to processor 'microblaze_0'.
13:26:31 INFO  : ----------------XSDB Script----------------
connect -url tcp:127.0.0.1:3121
configparams mdm-detect-bscan-mask 2
targets -set -nocase -filter {name =~ "microblaze*#0" && bscan=="USER2"  && jtag_cable_name =~ "Digilent Basys3 210183B31C2FA"} -index 0
rst -processor
targets -set -nocase -filter {name =~ "microblaze*#0" && bscan=="USER2"  && jtag_cable_name =~ "Digilent Basys3 210183B31C2FA"} -index 0
dow C:/Users/Student/Documents/GitHub/CSM152B_S23/lab_3/lab_3.sdk/lab_3_hw/Debug/lab_3_hw.elf
----------------End of Script----------------

13:26:31 INFO  : Memory regions updated for context PA
13:26:31 INFO  : Memory regions updated for context PA
13:26:31 INFO  : Context for processor 'microblaze_0' is selected.
13:26:31 INFO  : 'con' command is executed.
13:26:31 INFO  : ----------------XSDB Script (After Launch)----------------
targets -set -nocase -filter {name =~ "microblaze*#0" && bscan=="USER2"  && jtag_cable_name =~ "Digilent Basys3 210183B31C2FA"} -index 0
con
----------------End of Script----------------

13:26:31 INFO  : Launch script is exported to file 'C:\Users\Student\Documents\GitHub\CSM152B_S23\lab_3\lab_3.sdk\.sdk\launch_scripts\xilinx_c-c++_application_(system_debugger)\system_debugger_using_debug_lab_3_hw.elf_on_local.tcl'
13:28:35 INFO  : Disconnected from the channel tcfchan#15.
13:28:36 INFO  : 'targets -set -filter {jtag_cable_name =~ "Digilent Basys3 210183B31C2FA" && level==0} -index 0' command is executed.
13:28:36 INFO  : 'fpga -state' command is executed.
13:28:36 INFO  : Connected to target on host '127.0.0.1' and port '3121'.
13:28:37 INFO  : Jtag cable 'Digilent Basys3 210183B31C2FA' is selected.
13:28:37 INFO  : 'jtag frequency' command is executed.
13:28:37 INFO  : 'configparams mdm-detect-bscan-mask 2' command is executed.
13:28:37 INFO  : Context for processor 'microblaze_0' is selected.
13:28:37 INFO  : Processor reset is completed for 'microblaze_0'.
13:28:37 INFO  : Context for processor 'microblaze_0' is selected.
13:28:38 INFO  : The application 'C:/Users/Student/Documents/GitHub/CSM152B_S23/lab_3/lab_3.sdk/lab_3_hw/Debug/lab_3_hw.elf' is downloaded to processor 'microblaze_0'.
13:28:38 INFO  : ----------------XSDB Script----------------
connect -url tcp:127.0.0.1:3121
configparams mdm-detect-bscan-mask 2
targets -set -nocase -filter {name =~ "microblaze*#0" && bscan=="USER2"  && jtag_cable_name =~ "Digilent Basys3 210183B31C2FA"} -index 0
rst -processor
targets -set -nocase -filter {name =~ "microblaze*#0" && bscan=="USER2"  && jtag_cable_name =~ "Digilent Basys3 210183B31C2FA"} -index 0
dow C:/Users/Student/Documents/GitHub/CSM152B_S23/lab_3/lab_3.sdk/lab_3_hw/Debug/lab_3_hw.elf
----------------End of Script----------------

13:28:38 INFO  : Memory regions updated for context PA
13:28:38 INFO  : Memory regions updated for context PA
13:28:38 INFO  : Context for processor 'microblaze_0' is selected.
13:28:38 INFO  : 'con' command is executed.
13:28:38 INFO  : ----------------XSDB Script (After Launch)----------------
targets -set -nocase -filter {name =~ "microblaze*#0" && bscan=="USER2"  && jtag_cable_name =~ "Digilent Basys3 210183B31C2FA"} -index 0
con
----------------End of Script----------------

13:28:38 INFO  : Launch script is exported to file 'C:\Users\Student\Documents\GitHub\CSM152B_S23\lab_3\lab_3.sdk\.sdk\launch_scripts\xilinx_c-c++_application_(system_debugger)\system_debugger_using_debug_lab_3_hw.elf_on_local.tcl'
13:54:37 INFO  : Disconnected from the channel tcfchan#16.
